<?xml version="1.0" encoding="UTF-8"?>
<testng-results ignored="0" total="1" passed="1" failed="0" skipped="0">
  <reporter-output>
  </reporter-output>
  <suite started-at="2022-09-09T11:54:54 IST" name="Default suite" finished-at="2022-09-09T11:54:55 IST" duration-ms="67">
    <groups>
    </groups>
    <test started-at="2022-09-09T11:54:54 IST" name="Default test" finished-at="2022-09-09T11:54:55 IST" duration-ms="67">
      <class name="demo.DataFromVarugTest">
        <test-method signature="readata()[pri:0, instance:demo.DataFromVarugTest@3514a4c0]" started-at="2022-09-09T11:54:54 IST" name="readata" finished-at="2022-09-09T11:54:55 IST" duration-ms="10" status="PASS">
          <reporter-output>
          </reporter-output>
        </test-method> <!-- readata -->
      </class> <!-- demo.DataFromVarugTest -->
    </test> <!-- Default test -->
  </suite> <!-- Default suite -->
</testng-results>
