<?xml version="1.0" encoding="UTF-8"?>
<testng-results ignored="0" total="1" passed="1" failed="0" skipped="0">
  <reporter-output>
  </reporter-output>
  <suite started-at="2022-09-13T11:28:01 IST" name="Default suite" finished-at="2022-09-13T11:28:01 IST" duration-ms="75">
    <groups>
    </groups>
    <test started-at="2022-09-13T11:28:01 IST" name="Default test" finished-at="2022-09-13T11:28:01 IST" duration-ms="75">
      <class name="demo.newcl">
        <test-method signature="getdata()[pri:0, instance:demo.newcl@15aab8c6]" started-at="2022-09-13T11:28:01 IST" name="getdata" finished-at="2022-09-13T11:28:01 IST" duration-ms="10" status="PASS">
          <reporter-output>
          </reporter-output>
        </test-method> <!-- getdata -->
      </class> <!-- demo.newcl -->
    </test> <!-- Default test -->
  </suite> <!-- Default suite -->
</testng-results>
