<?xml version="1.0" encoding="UTF-8"?>
<testng-results skipped="0" failed="0" ignored="0" total="1" passed="1">
  <reporter-output>
  </reporter-output>
  <suite name="demo.DataFromVarugTest" duration-ms="71" started-at="2022-09-09T11:37:57 IST" finished-at="2022-09-09T11:37:57 IST">
    <groups>
    </groups>
    <test name="Command line test" duration-ms="71" started-at="2022-09-09T11:37:57 IST" finished-at="2022-09-09T11:37:57 IST">
      <class name="demo.DataFromVarugTest">
        <test-method status="PASS" signature="readata()[pri:0, instance:demo.DataFromVarugTest@1e127982]" name="readata" duration-ms="11" started-at="2022-09-09T11:37:57 IST" finished-at="2022-09-09T11:37:57 IST">
          <reporter-output>
          </reporter-output>
        </test-method> <!-- readata -->
      </class> <!-- demo.DataFromVarugTest -->
    </test> <!-- Command line test -->
  </suite> <!-- demo.DataFromVarugTest -->
</testng-results>
