<?xml version="1.0" encoding="UTF-8"?>
<!-- Generated by org.testng.reporters.JUnitXMLReporter -->
<testsuite hostname="vemulapallypc" ignored="3" name="Command line test" tests="1" failures="0" timestamp="2022-09-09T11:00:55 IST" time="0.059" errors="0">
  <testcase name="orgnameTest" time="0.005" classname="demo.DemoTest"/>
  <testcase name="ornmodifyTest" time="0.0" classname="demo.DemoTest">
    <ignored/>
  </testcase> <!-- ornmodifyTest -->
  <testcase name="demo1Test" time="0.0" classname="demo.DemoTest">
    <ignored/>
  </testcase> <!-- demo1Test -->
  <testcase name="DeleteorgTest" time="0.0" classname="demo.DemoTest">
    <ignored/>
  </testcase> <!-- DeleteorgTest -->
</testsuite> <!-- Command line test -->
